c:\users\pc\desktop\lab\build\myproject.dir\debug\vc143.pdb
c:\users\pc\desktop\lab\build\myproject.dir\debug\submission.obj
c:\users\pc\desktop\lab\build\myproject.dir\debug\student.obj
c:\users\pc\desktop\lab\build\myproject.dir\debug\instructor.obj
c:\users\pc\desktop\lab\build\myproject.dir\debug\course.obj
c:\users\pc\desktop\lab\build\myproject.dir\debug\assignment.obj
c:\users\pc\desktop\lab\build\cmakefiles\generate.stamp
c:\users\pc\desktop\lab\build\debug\myproject.pdb
c:\users\pc\desktop\lab\build\myproject.dir\debug\myproject.tlog\cl.command.1.tlog
c:\users\pc\desktop\lab\build\myproject.dir\debug\myproject.tlog\cl.read.1.tlog
c:\users\pc\desktop\lab\build\myproject.dir\debug\myproject.tlog\cl.write.1.tlog
c:\users\pc\desktop\lab\build\myproject.dir\debug\myproject.tlog\custombuild.command.1.tlog
c:\users\pc\desktop\lab\build\myproject.dir\debug\myproject.tlog\custombuild.read.1.tlog
c:\users\pc\desktop\lab\build\myproject.dir\debug\myproject.tlog\custombuild.write.1.tlog
c:\users\pc\desktop\lab\build\myproject.dir\debug\myproject.tlog\link-cvtres.read.1.tlog
c:\users\pc\desktop\lab\build\myproject.dir\debug\myproject.tlog\link-cvtres.write.1.tlog
c:\users\pc\desktop\lab\build\myproject.dir\debug\myproject.tlog\link-rc.read.1.tlog
c:\users\pc\desktop\lab\build\myproject.dir\debug\myproject.tlog\link-rc.write.1.tlog
c:\users\pc\desktop\lab\build\myproject.dir\debug\myproject.tlog\link.command.1.tlog
c:\users\pc\desktop\lab\build\myproject.dir\debug\myproject.tlog\link.read.1.tlog
c:\users\pc\desktop\lab\build\myproject.dir\debug\myproject.tlog\link.read.2.tlog
c:\users\pc\desktop\lab\build\myproject.dir\debug\myproject.tlog\link.write.1.tlog
